This is XeTeX, Version 3.141592653-2.6-0.999997 (TeX Live 2025/nixos.org) (preloaded format=xelatex 1980.1.1)  1 OCT 2025 10:10
entering extended mode
 restricted \write18 enabled.
 %&-line parsing enabled.
**u2-applications-of-the-indefinite-integrals.tex
(./u2-applications-of-the-indefinite-integrals.tex
LaTeX2e <2025-06-01> patch level 1
L3 programming layer <2025-06-09>

(/nix/store/07r08wijx7cs33ip6jla2rmmnpbmxjpy-texlive-2025-env-texmfdist/tex/lat
ex/koma-script/scrartcl.cls
Document Class: scrartcl 2025/06/04 v3.45 KOMA-Script document class (article)

(/nix/store/07r08wijx7cs33ip6jla2rmmnpbmxjpy-texlive-2025-env-texmfdist/tex/lat
ex/koma-script/scrkbase.sty
Package: scrkbase 2025/06/04 v3.45 KOMA-Script package (KOMA-Script-dependent b
asics and keyval usage)

(/nix/store/07r08wijx7cs33ip6jla2rmmnpbmxjpy-texlive-2025-env-texmfdist/tex/lat
ex/koma-script/scrbase.sty
Package: scrbase 2025/06/04 v3.45 KOMA-Script package (KOMA-Script-independent 
basics and keyval usage)

(/nix/store/07r08wijx7cs33ip6jla2rmmnpbmxjpy-texlive-2025-env-texmfdist/tex/lat
ex/koma-script/scrlfile.sty
Package: scrlfile 2025/06/04 v3.45 KOMA-Script package (file load hooks)

(/nix/store/07r08wijx7cs33ip6jla2rmmnpbmxjpy-texlive-2025-env-texmfdist/tex/lat
ex/koma-script/scrlfile-hook.sty
Package: scrlfile-hook 2025/06/04 v3.45 KOMA-Script package (using LaTeX hooks)


(/nix/store/07r08wijx7cs33ip6jla2rmmnpbmxjpy-texlive-2025-env-texmfdist/tex/lat
ex/koma-script/scrlogo.sty
Package: scrlogo 2025/06/04 v3.45 KOMA-Script package (logo)
)))
(/nix/store/07r08wijx7cs33ip6jla2rmmnpbmxjpy-texlive-2025-env-texmfdist/tex/lat
ex/graphics/keyval.sty
Package: keyval 2022/05/29 v1.15 key=value parser (DPC)
\KV@toks@=\toks17
)
Applying: [2021/05/01] Usage of raw or classic option list on input line 254.
Already applied: [0000/00/00] Usage of raw or classic option list on input line
 370.
))
(/nix/store/07r08wijx7cs33ip6jla2rmmnpbmxjpy-texlive-2025-env-texmfdist/tex/lat
ex/koma-script/tocbasic.sty
Package: tocbasic 2025/06/04 v3.45 KOMA-Script package (handling toc-files)
\scr@dte@tocline@numberwidth=\skip49
\scr@dte@tocline@numbox=\box53
)
Package tocbasic Info: omitting babel extension for `toc'
(tocbasic)             because of feature `nobabel' available
(tocbasic)             for `toc' on input line 135.
Class scrartcl Info: File `scrsize11pt.clo' used instead of
(scrartcl)           file `scrsize11.clo' to setup font sizes on input line 247
6.

(/nix/store/07r08wijx7cs33ip6jla2rmmnpbmxjpy-texlive-2025-env-texmfdist/tex/lat
ex/koma-script/scrsize11pt.clo
File: scrsize11pt.clo 2025/06/04 v3.45 KOMA-Script font size class option (11pt
)
)
(/nix/store/07r08wijx7cs33ip6jla2rmmnpbmxjpy-texlive-2025-env-texmfdist/tex/lat
ex/koma-script/typearea.sty
Package: typearea 2025/06/04 v3.45 KOMA-Script package (type area)
\ta@bcor=\skip50
\ta@div=\count271
Package typearea Info: You've used standard option `letterpaper'.
(typearea)             This is correct!
(typearea)             Internally I'm using `paper=letter'.
(typearea)             If you'd like to set the option with \KOMAoptions,
(typearea)             you'd have to use `paper=letter' there
(typearea)             instead of `letterpaper', too.
\ta@hblk=\skip51
\ta@vblk=\skip52
\ta@temp=\skip53
\footheight=\skip54
Package typearea Info: These are the values describing the layout:
(typearea)             DIV  = 11
(typearea)             BCOR = 0.0pt
(typearea)             \paperwidth      = 614.295pt
(typearea)              \textwidth      = 446.76004pt
(typearea)              DIV departure   = -14%
(typearea)              \evensidemargin = 11.49748pt
(typearea)              \oddsidemargin  = 11.49748pt
(typearea)             \paperheight     = 794.96999pt
(typearea)              \textheight     = 582.20026pt
(typearea)              \topmargin      = -37.40001pt
(typearea)              \headheight     = 17.0pt
(typearea)              \headsep        = 20.40001pt
(typearea)              \topskip        = 11.0pt
(typearea)              \footskip       = 47.6pt
(typearea)              \baselineskip   = 13.6pt
(typearea)              on input line 1804.
)
\c@part=\count272
\c@section=\count273
\c@subsection=\count274
\c@subsubsection=\count275
\c@paragraph=\count276
\c@subparagraph=\count277
\scr@dte@section@maxnumwidth=\skip55
Class scrartcl Info: using compatibility default `runin=bysign'
(scrartcl)           for `\section on input line 5149.
Class scrartcl Info: using compatibility default `afterindent=bysign'
(scrartcl)           for `\section on input line 5149.
\scr@dte@part@maxnumwidth=\skip56
Class scrartcl Info: using compatibility default `afterindent=false'
(scrartcl)           for `\part on input line 5157.
\scr@dte@subsection@maxnumwidth=\skip57
Class scrartcl Info: using compatibility default `runin=bysign'
(scrartcl)           for `\subsection on input line 5167.
Class scrartcl Info: using compatibility default `afterindent=bysign'
(scrartcl)           for `\subsection on input line 5167.
\scr@dte@subsubsection@maxnumwidth=\skip58
Class scrartcl Info: using compatibility default `runin=bysign'
(scrartcl)           for `\subsubsection on input line 5177.
Class scrartcl Info: using compatibility default `afterindent=bysign'
(scrartcl)           for `\subsubsection on input line 5177.
\scr@dte@paragraph@maxnumwidth=\skip59
Class scrartcl Info: using compatibility default `runin=bysign'
(scrartcl)           for `\paragraph on input line 5188.
Class scrartcl Info: using compatibility default `afterindent=bysign'
(scrartcl)           for `\paragraph on input line 5188.
\scr@dte@subparagraph@maxnumwidth=\skip60
Class scrartcl Info: using compatibility default `runin=bysign'
(scrartcl)           for `\subparagraph on input line 5198.
Class scrartcl Info: using compatibility default `afterindent=bysign'
(scrartcl)           for `\subparagraph on input line 5198.
\abovecaptionskip=\skip61
\belowcaptionskip=\skip62
\c@pti@nb@sid@b@x=\box54
Package tocbasic Info: omitting babel extension for `lof'
(tocbasic)             because of feature `nobabel' available
(tocbasic)             for `lof' on input line 6394.
\scr@dte@figure@maxnumwidth=\skip63
\c@figure=\count278
Package tocbasic Info: omitting babel extension for `lot'
(tocbasic)             because of feature `nobabel' available
(tocbasic)             for `lot' on input line 6410.
\scr@dte@table@maxnumwidth=\skip64
\c@table=\count279
Class scrartcl Info: Redefining `\numberline' on input line 6580.
\bibindent=\dimen148
)
(/nix/store/07r08wijx7cs33ip6jla2rmmnpbmxjpy-texlive-2025-env-texmfdist/tex/lat
ex/xcolor/xcolor.sty
Package: xcolor 2024/09/29 v3.02 LaTeX color extensions (UK)

(/nix/store/07r08wijx7cs33ip6jla2rmmnpbmxjpy-texlive-2025-env-texmfdist/tex/lat
ex/graphics-cfg/color.cfg
File: color.cfg 2016/01/02 v1.6 sample color configuration
)
Package xcolor Info: Driver file: xetex.def on input line 274.

(/nix/store/07r08wijx7cs33ip6jla2rmmnpbmxjpy-texlive-2025-env-texmfdist/tex/lat
ex/graphics-def/xetex.def
File: xetex.def 2022/09/22 v5.0n Graphics/color driver for xetex
)
(/nix/store/07r08wijx7cs33ip6jla2rmmnpbmxjpy-texlive-2025-env-texmfdist/tex/lat
ex/graphics/mathcolor.ltx)
Package xcolor Info: Model `cmy' substituted by `cmy0' on input line 1349.
Package xcolor Info: Model `RGB' extended on input line 1365.
Package xcolor Info: Model `HTML' substituted by `rgb' on input line 1367.
Package xcolor Info: Model `Hsb' substituted by `hsb' on input line 1368.
Package xcolor Info: Model `tHsb' substituted by `hsb' on input line 1369.
Package xcolor Info: Model `HSB' substituted by `hsb' on input line 1370.
Package xcolor Info: Model `Gray' substituted by `gray' on input line 1371.
Package xcolor Info: Model `wave' substituted by `hsb' on input line 1372.
)
(/nix/store/07r08wijx7cs33ip6jla2rmmnpbmxjpy-texlive-2025-env-texmfdist/tex/lat
ex/graphics/dvipsnam.def
File: dvipsnam.def 2016/06/17 v3.0m Driver-dependent file (DPC,SPQR)
)
(/nix/store/07r08wijx7cs33ip6jla2rmmnpbmxjpy-texlive-2025-env-texmfdist/tex/lat
ex/xcolor/svgnam.def
File: svgnam.def 2024/09/29 v3.02 Predefined colors according to SVG 1.1 (UK)
)
(/nix/store/07r08wijx7cs33ip6jla2rmmnpbmxjpy-texlive-2025-env-texmfdist/tex/lat
ex/xcolor/x11nam.def
File: x11nam.def 2024/09/29 v3.02 Predefined colors according to Unix/X11 (UK)
)
(/nix/store/07r08wijx7cs33ip6jla2rmmnpbmxjpy-texlive-2025-env-texmfdist/tex/lat
ex/amsmath/amsmath.sty
Package: amsmath 2025/06/16 v2.17y AMS math features
\@mathmargin=\skip65
For additional information on amsmath, use the `?' option.

(/nix/store/07r08wijx7cs33ip6jla2rmmnpbmxjpy-texlive-2025-env-texmfdist/tex/lat
ex/amsmath/amstext.sty
Package: amstext 2024/11/17 v2.01 AMS text

(/nix/store/07r08wijx7cs33ip6jla2rmmnpbmxjpy-texlive-2025-env-texmfdist/tex/lat
ex/amsmath/amsgen.sty
File: amsgen.sty 1999/11/30 v2.0 generic functions
\@emptytoks=\toks18
\ex@=\dimen149
))
(/nix/store/07r08wijx7cs33ip6jla2rmmnpbmxjpy-texlive-2025-env-texmfdist/tex/lat
ex/amsmath/amsbsy.sty
Package: amsbsy 1999/11/29 v1.2d Bold Symbols
\pmbraise@=\dimen150
)
(/nix/store/07r08wijx7cs33ip6jla2rmmnpbmxjpy-texlive-2025-env-texmfdist/tex/lat
ex/amsmath/amsopn.sty
Package: amsopn 2022/04/08 v2.04 operator names
)
\inf@bad=\count280
LaTeX Info: Redefining \frac on input line 233.
\uproot@=\count281
\leftroot@=\count282
LaTeX Info: Redefining \overline on input line 398.
LaTeX Info: Redefining \colon on input line 409.
\classnum@=\count283
\DOTSCASE@=\count284
LaTeX Info: Redefining \ldots on input line 495.
LaTeX Info: Redefining \dots on input line 498.
LaTeX Info: Redefining \cdots on input line 619.
\Mathstrutbox@=\box55
\strutbox@=\box56
LaTeX Info: Redefining \big on input line 721.
LaTeX Info: Redefining \Big on input line 722.
LaTeX Info: Redefining \bigg on input line 723.
LaTeX Info: Redefining \Bigg on input line 724.
\big@size=\dimen151
LaTeX Font Info:    Redeclaring font encoding OML on input line 742.
LaTeX Font Info:    Redeclaring font encoding OMS on input line 743.
\macc@depth=\count285
LaTeX Info: Redefining \bmod on input line 904.
LaTeX Info: Redefining \pmod on input line 909.
LaTeX Info: Redefining \smash on input line 939.
LaTeX Info: Redefining \relbar on input line 969.
LaTeX Info: Redefining \Relbar on input line 970.
\c@MaxMatrixCols=\count286
\dotsspace@=\muskip17
\c@parentequation=\count287
\dspbrk@lvl=\count288
\tag@help=\toks19
\row@=\count289
\column@=\count290
\maxfields@=\count291
\andhelp@=\toks20
\eqnshift@=\dimen152
\alignsep@=\dimen153
\tagshift@=\dimen154
\tagwidth@=\dimen155
\totwidth@=\dimen156
\lineht@=\dimen157
\@envbody=\toks21
\multlinegap=\skip66
\multlinetaggap=\skip67
\mathdisplay@stack=\toks22
LaTeX Info: Redefining \[ on input line 2949.
LaTeX Info: Redefining \] on input line 2950.
)
(/nix/store/07r08wijx7cs33ip6jla2rmmnpbmxjpy-texlive-2025-env-texmfdist/tex/lat
ex/amsfonts/amssymb.sty
Package: amssymb 2013/01/14 v3.01 AMS font symbols

(/nix/store/07r08wijx7cs33ip6jla2rmmnpbmxjpy-texlive-2025-env-texmfdist/tex/lat
ex/amsfonts/amsfonts.sty
Package: amsfonts 2013/01/14 v3.01 Basic AMSFonts support
\symAMSa=\mathgroup4
\symAMSb=\mathgroup5
LaTeX Font Info:    Redeclaring math symbol \hbar on input line 98.
LaTeX Font Info:    Overwriting math alphabet `\mathfrak' in version `bold'
(Font)                  U/euf/m/n --> U/euf/b/n on input line 106.
))
(/nix/store/07r08wijx7cs33ip6jla2rmmnpbmxjpy-texlive-2025-env-texmfdist/tex/gen
eric/iftex/iftex.sty
Package: iftex 2024/12/12 v1.0g TeX engine tests
)
(/nix/store/07r08wijx7cs33ip6jla2rmmnpbmxjpy-texlive-2025-env-texmfdist/tex/lat
ex/unicode-math/unicode-math.sty
(/nix/store/07r08wijx7cs33ip6jla2rmmnpbmxjpy-texlive-2025-env-texmfdist/tex/lat
ex/l3kernel/expl3.sty
Package: expl3 2025-06-09 L3 programming layer (loader) 

(/nix/store/07r08wijx7cs33ip6jla2rmmnpbmxjpy-texlive-2025-env-texmfdist/tex/lat
ex/l3backend/l3backend-xetex.def
File: l3backend-xetex.def 2025-06-09 L3 backend support: XeTeX
\g__graphics_track_int=\count292
\g__pdfannot_backend_int=\count293
\g__pdfannot_backend_link_int=\count294
))
Package: unicode-math 2023/08/13 v0.8r Unicode maths in XeLaTeX and LuaLaTeX

(/nix/store/07r08wijx7cs33ip6jla2rmmnpbmxjpy-texlive-2025-env-texmfdist/tex/lat
ex/unicode-math/unicode-math-xetex.sty
Package: unicode-math-xetex 2023/08/13 v0.8r Unicode maths in XeLaTeX and LuaLa
TeX

(/nix/store/07r08wijx7cs33ip6jla2rmmnpbmxjpy-texlive-2025-env-texmfdist/tex/lat
ex/l3packages/xparse/xparse.sty
Package: xparse 2024-08-16 L3 Experimental document command parser
)
(/nix/store/07r08wijx7cs33ip6jla2rmmnpbmxjpy-texlive-2025-env-texmfdist/tex/lat
ex/l3packages/l3keys2e/l3keys2e.sty
Package: l3keys2e 2024-08-16 LaTeX2e option processing using LaTeX3 keys
)
(/nix/store/07r08wijx7cs33ip6jla2rmmnpbmxjpy-texlive-2025-env-texmfdist/tex/lat
ex/fontspec/fontspec.sty
Package: fontspec 2024/05/11 v2.9e Font selection for XeLaTeX and LuaLaTeX

(/nix/store/07r08wijx7cs33ip6jla2rmmnpbmxjpy-texlive-2025-env-texmfdist/tex/lat
ex/fontspec/fontspec-xetex.sty
Package: fontspec-xetex 2024/05/11 v2.9e Font selection for XeLaTeX and LuaLaTe
X
\l__fontspec_script_int=\count295
\l__fontspec_language_int=\count296
\l__fontspec_strnum_int=\count297
\l__fontspec_tmp_int=\count298
\l__fontspec_tmpa_int=\count299
\l__fontspec_tmpb_int=\count300
\l__fontspec_tmpc_int=\count301
\l__fontspec_em_int=\count302
\l__fontspec_emdef_int=\count303
\l__fontspec_strong_int=\count304
\l__fontspec_strongdef_int=\count305
\l__fontspec_tmpa_dim=\dimen158
\l__fontspec_tmpb_dim=\dimen159
\l__fontspec_tmpc_dim=\dimen160

(/nix/store/07r08wijx7cs33ip6jla2rmmnpbmxjpy-texlive-2025-env-texmfdist/tex/lat
ex/base/fontenc.sty
Package: fontenc 2024/12/21 v2.1c Standard LaTeX package
)
(/nix/store/07r08wijx7cs33ip6jla2rmmnpbmxjpy-texlive-2025-env-texmfdist/tex/lat
ex/fontspec/fontspec.cfg)))
(/nix/store/07r08wijx7cs33ip6jla2rmmnpbmxjpy-texlive-2025-env-texmfdist/tex/lat
ex/base/fix-cm.sty
Package: fix-cm 2020/11/24 v1.1t fixes to LaTeX

(/nix/store/07r08wijx7cs33ip6jla2rmmnpbmxjpy-texlive-2025-env-texmfdist/tex/lat
ex/base/ts1enc.def
File: ts1enc.def 2001/06/05 v3.0e (jk/car/fm) Standard LaTeX file
LaTeX Font Info:    Redeclaring font encoding TS1 on input line 47.
LaTeX Encoding Info:    Redeclaring text command \capitalcedilla (encoding TS1)
 on input line 49.
LaTeX Encoding Info:    Redeclaring text command \capitalogonek (encoding TS1) 
on input line 52.
LaTeX Encoding Info:    Redeclaring text command \capitalgrave (encoding TS1) o
n input line 55.
LaTeX Encoding Info:    Redeclaring text command \capitalacute (encoding TS1) o
n input line 56.
LaTeX Encoding Info:    Redeclaring text command \capitalcircumflex (encoding T
S1) on input line 57.
LaTeX Encoding Info:    Redeclaring text command \capitaltilde (encoding TS1) o
n input line 58.
LaTeX Encoding Info:    Redeclaring text command \capitaldieresis (encoding TS1
) on input line 59.
LaTeX Encoding Info:    Redeclaring text command \capitalhungarumlaut (encoding
 TS1) on input line 60.
LaTeX Encoding Info:    Redeclaring text command \capitalring (encoding TS1) on
 input line 61.
LaTeX Encoding Info:    Redeclaring text command \capitalcaron (encoding TS1) o
n input line 62.
LaTeX Encoding Info:    Redeclaring text command \capitalbreve (encoding TS1) o
n input line 63.
LaTeX Encoding Info:    Redeclaring text command \capitalmacron (encoding TS1) 
on input line 64.
LaTeX Encoding Info:    Redeclaring text command \capitaldotaccent (encoding TS
1) on input line 65.
LaTeX Encoding Info:    Redeclaring text command \t (encoding TS1) on input lin
e 66.
LaTeX Encoding Info:    Redeclaring text command \capitaltie (encoding TS1) on 
input line 67.
LaTeX Encoding Info:    Redeclaring text command \newtie (encoding TS1) on inpu
t line 68.
LaTeX Encoding Info:    Redeclaring text command \capitalnewtie (encoding TS1) 
on input line 69.
LaTeX Encoding Info:    Redeclaring text symbol \textcapitalcompwordmark (encod
ing TS1) on input line 70.
LaTeX Encoding Info:    Redeclaring text symbol \textascendercompwordmark (enco
ding TS1) on input line 71.
LaTeX Encoding Info:    Redeclaring text symbol \textquotestraightbase (encodin
g TS1) on input line 72.
LaTeX Encoding Info:    Redeclaring text symbol \textquotestraightdblbase (enco
ding TS1) on input line 73.
LaTeX Encoding Info:    Redeclaring text symbol \texttwelveudash (encoding TS1)
 on input line 74.
LaTeX Encoding Info:    Redeclaring text symbol \textthreequartersemdash (encod
ing TS1) on input line 75.
LaTeX Encoding Info:    Redeclaring text symbol \textleftarrow (encoding TS1) o
n input line 76.
LaTeX Encoding Info:    Redeclaring text symbol \textrightarrow (encoding TS1) 
on input line 77.
LaTeX Encoding Info:    Redeclaring text symbol \textblank (encoding TS1) on in
put line 78.
LaTeX Encoding Info:    Redeclaring text symbol \textdollar (encoding TS1) on i
nput line 79.
LaTeX Encoding Info:    Redeclaring text symbol \textquotesingle (encoding TS1)
 on input line 80.
LaTeX Encoding Info:    Redeclaring text command \textasteriskcentered (encodin
g TS1) on input line 81.
LaTeX Encoding Info:    Redeclaring text symbol \textdblhyphen (encoding TS1) o
n input line 92.
LaTeX Encoding Info:    Redeclaring text symbol \textfractionsolidus (encoding 
TS1) on input line 93.
LaTeX Encoding Info:    Redeclaring text symbol \textzerooldstyle (encoding TS1
) on input line 94.
LaTeX Encoding Info:    Redeclaring text symbol \textoneoldstyle (encoding TS1)
 on input line 95.
LaTeX Encoding Info:    Redeclaring text symbol \texttwooldstyle (encoding TS1)
 on input line 96.
LaTeX Encoding Info:    Redeclaring text symbol \textthreeoldstyle (encoding TS
1) on input line 97.
LaTeX Encoding Info:    Redeclaring text symbol \textfouroldstyle (encoding TS1
) on input line 98.
LaTeX Encoding Info:    Redeclaring text symbol \textfiveoldstyle (encoding TS1
) on input line 99.
LaTeX Encoding Info:    Redeclaring text symbol \textsixoldstyle (encoding TS1)
 on input line 100.
LaTeX Encoding Info:    Redeclaring text symbol \textsevenoldstyle (encoding TS
1) on input line 101.
LaTeX Encoding Info:    Redeclaring text symbol \texteightoldstyle (encoding TS
1) on input line 102.
LaTeX Encoding Info:    Redeclaring text symbol \textnineoldstyle (encoding TS1
) on input line 103.
LaTeX Encoding Info:    Redeclaring text symbol \textlangle (encoding TS1) on i
nput line 104.
LaTeX Encoding Info:    Redeclaring text symbol \textminus (encoding TS1) on in
put line 105.
LaTeX Encoding Info:    Redeclaring text symbol \textrangle (encoding TS1) on i
nput line 106.
LaTeX Encoding Info:    Redeclaring text symbol \textmho (encoding TS1) on inpu
t line 107.
LaTeX Encoding Info:    Redeclaring text symbol \textbigcircle (encoding TS1) o
n input line 108.
LaTeX Encoding Info:    Redeclaring text command \textcircled (encoding TS1) on
 input line 109.
LaTeX Encoding Info:    Redeclaring text symbol \textohm (encoding TS1) on inpu
t line 115.
LaTeX Encoding Info:    Redeclaring text symbol \textlbrackdbl (encoding TS1) o
n input line 116.
LaTeX Encoding Info:    Redeclaring text symbol \textrbrackdbl (encoding TS1) o
n input line 117.
LaTeX Encoding Info:    Redeclaring text symbol \textuparrow (encoding TS1) on 
input line 118.
LaTeX Encoding Info:    Redeclaring text symbol \textdownarrow (encoding TS1) o
n input line 119.
LaTeX Encoding Info:    Redeclaring text symbol \textasciigrave (encoding TS1) 
on input line 120.
LaTeX Encoding Info:    Redeclaring text symbol \textborn (encoding TS1) on inp
ut line 121.
LaTeX Encoding Info:    Redeclaring text symbol \textdivorced (encoding TS1) on
 input line 122.
LaTeX Encoding Info:    Redeclaring text symbol \textdied (encoding TS1) on inp
ut line 123.
LaTeX Encoding Info:    Redeclaring text symbol \textleaf (encoding TS1) on inp
ut line 124.
LaTeX Encoding Info:    Redeclaring text symbol \textmarried (encoding TS1) on 
input line 125.
LaTeX Encoding Info:    Redeclaring text symbol \textmusicalnote (encoding TS1)
 on input line 126.
LaTeX Encoding Info:    Redeclaring text symbol \texttildelow (encoding TS1) on
 input line 127.
LaTeX Encoding Info:    Redeclaring text symbol \textdblhyphenchar (encoding TS
1) on input line 128.
LaTeX Encoding Info:    Redeclaring text symbol \textasciibreve (encoding TS1) 
on input line 129.
LaTeX Encoding Info:    Redeclaring text symbol \textasciicaron (encoding TS1) 
on input line 130.
LaTeX Encoding Info:    Redeclaring text symbol \textacutedbl (encoding TS1) on
 input line 131.
LaTeX Encoding Info:    Redeclaring text symbol \textgravedbl (encoding TS1) on
 input line 132.
LaTeX Encoding Info:    Redeclaring text symbol \textdagger (encoding TS1) on i
nput line 133.
LaTeX Encoding Info:    Redeclaring text symbol \textdaggerdbl (encoding TS1) o
n input line 134.
LaTeX Encoding Info:    Redeclaring text symbol \textbardbl (encoding TS1) on i
nput line 135.
LaTeX Encoding Info:    Redeclaring text symbol \textperthousand (encoding TS1)
 on input line 136.
LaTeX Encoding Info:    Redeclaring text symbol \textbullet (encoding TS1) on i
nput line 137.
LaTeX Encoding Info:    Redeclaring text symbol \textcelsius (encoding TS1) on 
input line 138.
LaTeX Encoding Info:    Redeclaring text symbol \textdollaroldstyle (encoding T
S1) on input line 139.
LaTeX Encoding Info:    Redeclaring text symbol \textcentoldstyle (encoding TS1
) on input line 140.
LaTeX Encoding Info:    Redeclaring text symbol \textflorin (encoding TS1) on i
nput line 141.
LaTeX Encoding Info:    Redeclaring text symbol \textcolonmonetary (encoding TS
1) on input line 142.
LaTeX Encoding Info:    Redeclaring text symbol \textwon (encoding TS1) on inpu
t line 143.
LaTeX Encoding Info:    Redeclaring text symbol \textnaira (encoding TS1) on in
put line 144.
LaTeX Encoding Info:    Redeclaring text symbol \textguarani (encoding TS1) on 
input line 145.
LaTeX Encoding Info:    Redeclaring text symbol \textpeso (encoding TS1) on inp
ut line 146.
LaTeX Encoding Info:    Redeclaring text symbol \textlira (encoding TS1) on inp
ut line 147.
LaTeX Encoding Info:    Redeclaring text symbol \textrecipe (encoding TS1) on i
nput line 148.
LaTeX Encoding Info:    Redeclaring text symbol \textinterrobang (encoding TS1)
 on input line 149.
LaTeX Encoding Info:    Redeclaring text symbol \textinterrobangdown (encoding 
TS1) on input line 150.
LaTeX Encoding Info:    Redeclaring text symbol \textdong (encoding TS1) on inp
ut line 151.
LaTeX Encoding Info:    Redeclaring text symbol \texttrademark (encoding TS1) o
n input line 152.
LaTeX Encoding Info:    Redeclaring text symbol \textpertenthousand (encoding T
S1) on input line 153.
LaTeX Encoding Info:    Redeclaring text symbol \textpilcrow (encoding TS1) on 
input line 154.
LaTeX Encoding Info:    Redeclaring text symbol \textbaht (encoding TS1) on inp
ut line 155.
LaTeX Encoding Info:    Redeclaring text symbol \textnumero (encoding TS1) on i
nput line 156.
LaTeX Encoding Info:    Redeclaring text symbol \textdiscount (encoding TS1) on
 input line 157.
LaTeX Encoding Info:    Redeclaring text symbol \textestimated (encoding TS1) o
n input line 158.
LaTeX Encoding Info:    Redeclaring text symbol \textopenbullet (encoding TS1) 
on input line 159.
LaTeX Encoding Info:    Redeclaring text symbol \textservicemark (encoding TS1)
 on input line 160.
LaTeX Encoding Info:    Redeclaring text symbol \textlquill (encoding TS1) on i
nput line 161.
LaTeX Encoding Info:    Redeclaring text symbol \textrquill (encoding TS1) on i
nput line 162.
LaTeX Encoding Info:    Redeclaring text symbol \textcent (encoding TS1) on inp
ut line 163.
LaTeX Encoding Info:    Redeclaring text symbol \textsterling (encoding TS1) on
 input line 164.
LaTeX Encoding Info:    Redeclaring text symbol \textcurrency (encoding TS1) on
 input line 165.
LaTeX Encoding Info:    Redeclaring text symbol \textyen (encoding TS1) on inpu
t line 166.
LaTeX Encoding Info:    Redeclaring text symbol \textbrokenbar (encoding TS1) o
n input line 167.
LaTeX Encoding Info:    Redeclaring text symbol \textsection (encoding TS1) on 
input line 168.
LaTeX Encoding Info:    Redeclaring text symbol \textasciidieresis (encoding TS
1) on input line 169.
LaTeX Encoding Info:    Redeclaring text symbol \textcopyright (encoding TS1) o
n input line 170.
LaTeX Encoding Info:    Redeclaring text symbol \textordfeminine (encoding TS1)
 on input line 171.
LaTeX Encoding Info:    Redeclaring text symbol \textcopyleft (encoding TS1) on
 input line 172.
LaTeX Encoding Info:    Redeclaring text symbol \textlnot (encoding TS1) on inp
ut line 173.
LaTeX Encoding Info:    Redeclaring text symbol \textcircledP (encoding TS1) on
 input line 174.
LaTeX Encoding Info:    Redeclaring text symbol \textregistered (encoding TS1) 
on input line 175.
LaTeX Encoding Info:    Redeclaring text symbol \textasciimacron (encoding TS1)
 on input line 176.
LaTeX Encoding Info:    Redeclaring text symbol \textdegree (encoding TS1) on i
nput line 177.
LaTeX Encoding Info:    Redeclaring text symbol \textpm (encoding TS1) on input
 line 178.
LaTeX Encoding Info:    Redeclaring text symbol \texttwosuperior (encoding TS1)
 on input line 179.
LaTeX Encoding Info:    Redeclaring text symbol \textthreesuperior (encoding TS
1) on input line 180.
LaTeX Encoding Info:    Redeclaring text symbol \textasciiacute (encoding TS1) 
on input line 181.
LaTeX Encoding Info:    Redeclaring text symbol \textmu (encoding TS1) on input
 line 182.
LaTeX Encoding Info:    Redeclaring text symbol \textparagraph (encoding TS1) o
n input line 183.
LaTeX Encoding Info:    Redeclaring text symbol \textperiodcentered (encoding T
S1) on input line 184.
LaTeX Encoding Info:    Redeclaring text symbol \textreferencemark (encoding TS
1) on input line 185.
LaTeX Encoding Info:    Redeclaring text symbol \textonesuperior (encoding TS1)
 on input line 186.
LaTeX Encoding Info:    Redeclaring text symbol \textordmasculine (encoding TS1
) on input line 187.
LaTeX Encoding Info:    Redeclaring text symbol \textsurd (encoding TS1) on inp
ut line 188.
LaTeX Encoding Info:    Redeclaring text symbol \textonequarter (encoding TS1) 
on input line 189.
LaTeX Encoding Info:    Redeclaring text symbol \textonehalf (encoding TS1) on 
input line 190.
LaTeX Encoding Info:    Redeclaring text symbol \textthreequarters (encoding TS
1) on input line 191.
LaTeX Encoding Info:    Redeclaring text symbol \texteuro (encoding TS1) on inp
ut line 192.
LaTeX Encoding Info:    Redeclaring text symbol \texttimes (encoding TS1) on in
put line 193.
LaTeX Encoding Info:    Redeclaring text symbol \textdiv (encoding TS1) on inpu
t line 194.
))
\g__um_fam_int=\count306
\g__um_fonts_used_int=\count307
\l__um_primecount_int=\count308
\g__um_primekern_muskip=\muskip18

(/nix/store/07r08wijx7cs33ip6jla2rmmnpbmxjpy-texlive-2025-env-texmfdist/tex/lat
ex/unicode-math/unicode-math-table.tex)))
(/nix/store/07r08wijx7cs33ip6jla2rmmnpbmxjpy-texlive-2025-env-texmfdist/tex/lat
ex/lm/lmodern.sty
Package: lmodern 2015/05/01 v1.6.1 Latin Modern Fonts
LaTeX Font Info:    Overwriting symbol font `operators' in version `normal'
(Font)                  OT1/cmr/m/n --> OT1/lmr/m/n on input line 22.
LaTeX Font Info:    Overwriting symbol font `letters' in version `normal'
(Font)                  OML/cmm/m/it --> OML/lmm/m/it on input line 23.
LaTeX Font Info:    Overwriting symbol font `symbols' in version `normal'
(Font)                  OMS/cmsy/m/n --> OMS/lmsy/m/n on input line 24.
LaTeX Font Info:    Overwriting symbol font `largesymbols' in version `normal'
(Font)                  OMX/cmex/m/n --> OMX/lmex/m/n on input line 25.
LaTeX Font Info:    Overwriting symbol font `operators' in version `bold'
(Font)                  OT1/cmr/bx/n --> OT1/lmr/bx/n on input line 26.
LaTeX Font Info:    Overwriting symbol font `letters' in version `bold'
(Font)                  OML/cmm/b/it --> OML/lmm/b/it on input line 27.
LaTeX Font Info:    Overwriting symbol font `symbols' in version `bold'
(Font)                  OMS/cmsy/b/n --> OMS/lmsy/b/n on input line 28.
LaTeX Font Info:    Overwriting symbol font `largesymbols' in version `bold'
(Font)                  OMX/cmex/m/n --> OMX/lmex/m/n on input line 29.
LaTeX Font Info:    Overwriting math alphabet `\mathbf' in version `normal'
(Font)                  OT1/cmr/bx/n --> OT1/lmr/bx/n on input line 31.
LaTeX Font Info:    Overwriting math alphabet `\mathsf' in version `normal'
(Font)                  OT1/cmss/m/n --> OT1/lmss/m/n on input line 32.
LaTeX Font Info:    Overwriting math alphabet `\mathit' in version `normal'
(Font)                  OT1/cmr/m/it --> OT1/lmr/m/it on input line 33.
LaTeX Font Info:    Overwriting math alphabet `\mathtt' in version `normal'
(Font)                  OT1/cmtt/m/n --> OT1/lmtt/m/n on input line 34.
LaTeX Font Info:    Overwriting math alphabet `\mathbf' in version `bold'
(Font)                  OT1/cmr/bx/n --> OT1/lmr/bx/n on input line 35.
LaTeX Font Info:    Overwriting math alphabet `\mathsf' in version `bold'
(Font)                  OT1/cmss/bx/n --> OT1/lmss/bx/n on input line 36.
LaTeX Font Info:    Overwriting math alphabet `\mathit' in version `bold'
(Font)                  OT1/cmr/bx/it --> OT1/lmr/bx/it on input line 37.
LaTeX Font Info:    Overwriting math alphabet `\mathtt' in version `bold'
(Font)                  OT1/cmtt/m/n --> OT1/lmtt/m/n on input line 38.
)
(/nix/store/07r08wijx7cs33ip6jla2rmmnpbmxjpy-texlive-2025-env-texmfdist/tex/lat
ex/upquote/upquote.sty
Package: upquote 2012/04/19 v1.3 upright-quote and grave-accent glyphs in verba
tim

(/nix/store/07r08wijx7cs33ip6jla2rmmnpbmxjpy-texlive-2025-env-texmfdist/tex/lat
ex/base/textcomp.sty
Package: textcomp 2024/04/24 v2.1b Standard LaTeX package
))
(/nix/store/07r08wijx7cs33ip6jla2rmmnpbmxjpy-texlive-2025-env-texmfdist/tex/lat
ex/microtype/microtype.sty
Package: microtype 2025/02/11 v3.2a Micro-typographical refinements (RS)

(/nix/store/07r08wijx7cs33ip6jla2rmmnpbmxjpy-texlive-2025-env-texmfdist/tex/lat
ex/etoolbox/etoolbox.sty
Package: etoolbox 2025/02/11 v2.5l e-TeX tools for LaTeX (JAW)
\etb@tempcnta=\count309
)
\MT@toks=\toks23
\MT@tempbox=\box57
\MT@count=\count310
LaTeX Info: Redefining \noprotrusionifhmode on input line 1087.
LaTeX Info: Redefining \leftprotrusion on input line 1088.
\MT@prot@toks=\toks24
LaTeX Info: Redefining \rightprotrusion on input line 1107.
LaTeX Info: Redefining \textls on input line 1449.
\MT@outer@kern=\dimen161
LaTeX Info: Redefining \microtypecontext on input line 2053.
LaTeX Info: Redefining \textmicrotypecontext on input line 2070.
\MT@listname@count=\count311

(/nix/store/07r08wijx7cs33ip6jla2rmmnpbmxjpy-texlive-2025-env-texmfdist/tex/lat
ex/microtype/microtype-xetex.def
File: microtype-xetex.def 2025/02/11 v3.2a Definitions specific to xetex (RS)
LaTeX Info: Redefining \lsstyle on input line 443.
LaTeX Info: Redefining \lslig on input line 451.
\MT@outer@space=\skip68
)
Package microtype Info: Loading configuration file microtype.cfg.

(/nix/store/07r08wijx7cs33ip6jla2rmmnpbmxjpy-texlive-2025-env-texmfdist/tex/lat
ex/microtype/microtype.cfg
File: microtype.cfg 2025/02/11 v3.2a microtype main configuration file (RS)
)
LaTeX Info: Redefining \microtypesetup on input line 3065.
)
(/nix/store/07r08wijx7cs33ip6jla2rmmnpbmxjpy-texlive-2025-env-texmfdist/tex/lat
ex/tools/longtable.sty
Package: longtable 2024-12-18 v4.23 Multi-page Table package (DPC)
\LTleft=\skip69
\LTright=\skip70
\LTpre=\skip71
\LTpost=\skip72
\LTchunksize=\count312
\LTcapwidth=\dimen162
\LT@head=\box58
\LT@firsthead=\box59
\LT@foot=\box60
\LT@lastfoot=\box61
\LT@gbox=\box62
\LT@cols=\count313
\LT@rows=\count314
\c@LT@tables=\count315
\c@LT@chunks=\count316
\LT@p@ftn=\toks25
)
Class scrartcl Info: longtable captions redefined on input line 70.

(/nix/store/07r08wijx7cs33ip6jla2rmmnpbmxjpy-texlive-2025-env-texmfdist/tex/lat
ex/booktabs/booktabs.sty
Package: booktabs 2020/01/12 v1.61803398 Publication quality tables
\heavyrulewidth=\dimen163
\lightrulewidth=\dimen164
\cmidrulewidth=\dimen165
\belowrulesep=\dimen166
\belowbottomsep=\dimen167
\aboverulesep=\dimen168
\abovetopsep=\dimen169
\cmidrulesep=\dimen170
\cmidrulekern=\dimen171
\defaultaddspace=\dimen172
\@cmidla=\count317
\@cmidlb=\count318
\@aboverulesep=\dimen173
\@belowrulesep=\dimen174
\@thisruleclass=\count319
\@lastruleclass=\count320
\@thisrulewidth=\dimen175
)
(/nix/store/07r08wijx7cs33ip6jla2rmmnpbmxjpy-texlive-2025-env-texmfdist/tex/lat
ex/tools/array.sty
Package: array 2025/06/08 v2.6j Tabular extension package (FMi)
\col@sep=\dimen176
\ar@mcellbox=\box63
\extrarowheight=\dimen177
\NC@list=\toks26
\extratabsurround=\skip73
\backup@length=\skip74
\ar@cellbox=\box64
)
(/nix/store/07r08wijx7cs33ip6jla2rmmnpbmxjpy-texlive-2025-env-texmfdist/tex/lat
ex/tools/calc.sty
Package: calc 2025/03/01 v4.3b Infix arithmetic (KKT,FJ)
\calc@Acount=\count321
\calc@Bcount=\count322
\calc@Adimen=\dimen178
\calc@Bdimen=\dimen179
\calc@Askip=\skip75
\calc@Bskip=\skip76
LaTeX Info: Redefining \setlength on input line 86.
LaTeX Info: Redefining \addtolength on input line 87.
\calc@Ccount=\count323
\calc@Cskip=\skip77
)
(/nix/store/07r08wijx7cs33ip6jla2rmmnpbmxjpy-texlive-2025-env-texmfdist/tex/lat
ex/footnotehyper/footnotehyper.sty
Package: footnotehyper 2021/08/13 v1.1e hyperref aware footnote.sty (JFB)
\FNH@notes=\box65
\FNH@width=\dimen180
\FNH@toks=\toks27
)
(/nix/store/07r08wijx7cs33ip6jla2rmmnpbmxjpy-texlive-2025-env-texmfdist/tex/lat
ex/graphics/graphicx.sty
Package: graphicx 2024/12/31 v1.2e Enhanced LaTeX Graphics (DPC,SPQR)

(/nix/store/07r08wijx7cs33ip6jla2rmmnpbmxjpy-texlive-2025-env-texmfdist/tex/lat
ex/graphics/graphics.sty
Package: graphics 2024/08/06 v1.4g Standard LaTeX Graphics (DPC,SPQR)

(/nix/store/07r08wijx7cs33ip6jla2rmmnpbmxjpy-texlive-2025-env-texmfdist/tex/lat
ex/graphics/trig.sty
Package: trig 2023/12/02 v1.11 sin cos tan (DPC)
)
(/nix/store/07r08wijx7cs33ip6jla2rmmnpbmxjpy-texlive-2025-env-texmfdist/tex/lat
ex/graphics-cfg/graphics.cfg
File: graphics.cfg 2016/06/04 v1.11 sample graphics configuration
)
Package graphics Info: Driver file: xetex.def on input line 106.
)
\Gin@req@height=\dimen181
\Gin@req@width=\dimen182
)
\pandoc@box=\box66

(/nix/store/07r08wijx7cs33ip6jla2rmmnpbmxjpy-texlive-2025-env-texmfdist/tex/lat
ex/caption/caption.sty
Package: caption 2023/08/05 v3.6o Customizing captions (AR)

(/nix/store/07r08wijx7cs33ip6jla2rmmnpbmxjpy-texlive-2025-env-texmfdist/tex/lat
ex/caption/caption3.sty
Package: caption3 2023/07/31 v2.4d caption3 kernel (AR)
\caption@tempdima=\dimen183
\captionmargin=\dimen184
\caption@leftmargin=\dimen185
\caption@rightmargin=\dimen186
\caption@width=\dimen187
\caption@indent=\dimen188
\caption@parindent=\dimen189
\caption@hangindent=\dimen190
Package caption Info: KOMA-Script document class detected.

(/nix/store/07r08wijx7cs33ip6jla2rmmnpbmxjpy-texlive-2025-env-texmfdist/tex/lat
ex/caption/caption-koma.sto
File: caption-koma.sto 2023/09/08 v2.0e Adaption of the caption package to the 
KOMA-Script document classes (AR)
))
\c@caption@flags=\count324
\c@continuedfloat=\count325
Package caption Info: longtable package is loaded.

(/nix/store/07r08wijx7cs33ip6jla2rmmnpbmxjpy-texlive-2025-env-texmfdist/tex/lat
ex/caption/ltcaption.sty
Package: ltcaption 2021/01/08 v1.4c longtable captions (AR)
)
Package caption Info: KOMA-Script scrextend package detected.
\caption@addmargin@hsize=\dimen191
\caption@addmargin@linewidth=\dimen192
)
(/nix/store/07r08wijx7cs33ip6jla2rmmnpbmxjpy-texlive-2025-env-texmfdist/tex/lat
ex/float/float.sty
Package: float 2001/11/08 v1.3d Float enhancements (AL)
\c@float@type=\count326
\float@exts=\toks28
\float@box=\box67
\@float@everytoks=\toks29
\@floatcapt=\box68
)
\@float@every@codelisting=\toks30
\c@codelisting=\count327

(/nix/store/07r08wijx7cs33ip6jla2rmmnpbmxjpy-texlive-2025-env-texmfdist/tex/lat
ex/caption/subcaption.sty
Package: subcaption 2023/07/28 v1.6b Sub-captions (AR)
Package caption Info: New subtype `subfigure' on input line 238.
\c@subfigure=\count328
Package caption Info: New subtype `subtable' on input line 238.
\c@subtable=\count329
)
(/nix/store/07r08wijx7cs33ip6jla2rmmnpbmxjpy-texlive-2025-env-texmfdist/tex/lat
ex/bookmark/bookmark.sty
Package: bookmark 2023-12-10 v1.31 PDF bookmarks (HO)

(/nix/store/07r08wijx7cs33ip6jla2rmmnpbmxjpy-texlive-2025-env-texmfdist/tex/lat
ex/hyperref/hyperref.sty
Package: hyperref 2025-06-21 v7.01n Hypertext links for LaTeX

(/nix/store/07r08wijx7cs33ip6jla2rmmnpbmxjpy-texlive-2025-env-texmfdist/tex/lat
ex/kvsetkeys/kvsetkeys.sty
Package: kvsetkeys 2022-10-05 v1.19 Key value parser (HO)
)
(/nix/store/07r08wijx7cs33ip6jla2rmmnpbmxjpy-texlive-2025-env-texmfdist/tex/gen
eric/kvdefinekeys/kvdefinekeys.sty
Package: kvdefinekeys 2019-12-19 v1.6 Define keys (HO)
)
(/nix/store/07r08wijx7cs33ip6jla2rmmnpbmxjpy-texlive-2025-env-texmfdist/tex/gen
eric/pdfescape/pdfescape.sty
Package: pdfescape 2019/12/09 v1.15 Implements pdfTeX's escape features (HO)

(/nix/store/07r08wijx7cs33ip6jla2rmmnpbmxjpy-texlive-2025-env-texmfdist/tex/gen
eric/ltxcmds/ltxcmds.sty
Package: ltxcmds 2023-12-04 v1.26 LaTeX kernel commands for general use (HO)
)
(/nix/store/07r08wijx7cs33ip6jla2rmmnpbmxjpy-texlive-2025-env-texmfdist/tex/gen
eric/pdftexcmds/pdftexcmds.sty
Package: pdftexcmds 2020-06-27 v0.33 Utility functions of pdfTeX for LuaTeX (HO
)

(/nix/store/07r08wijx7cs33ip6jla2rmmnpbmxjpy-texlive-2025-env-texmfdist/tex/gen
eric/infwarerr/infwarerr.sty
Package: infwarerr 2019/12/03 v1.5 Providing info/warning/error messages (HO)
)
Package pdftexcmds Info: \pdf@primitive is available.
Package pdftexcmds Info: \pdf@ifprimitive is available.
Package pdftexcmds Info: \pdfdraftmode not found.
))
(/nix/store/07r08wijx7cs33ip6jla2rmmnpbmxjpy-texlive-2025-env-texmfdist/tex/lat
ex/hycolor/hycolor.sty
Package: hycolor 2020-01-27 v1.10 Color options for hyperref/bookmark (HO)
)
(/nix/store/07r08wijx7cs33ip6jla2rmmnpbmxjpy-texlive-2025-env-texmfdist/tex/lat
ex/hyperref/nameref.sty
Package: nameref 2025-06-21 v2.57 Cross-referencing by name of section

(/nix/store/07r08wijx7cs33ip6jla2rmmnpbmxjpy-texlive-2025-env-texmfdist/tex/lat
ex/refcount/refcount.sty
Package: refcount 2019/12/15 v3.6 Data extraction from label references (HO)
)
(/nix/store/07r08wijx7cs33ip6jla2rmmnpbmxjpy-texlive-2025-env-texmfdist/tex/gen
eric/gettitlestring/gettitlestring.sty
Package: gettitlestring 2019/12/15 v1.6 Cleanup title references (HO)

(/nix/store/07r08wijx7cs33ip6jla2rmmnpbmxjpy-texlive-2025-env-texmfdist/tex/lat
ex/kvoptions/kvoptions.sty
Package: kvoptions 2022-06-15 v3.15 Key value format for package options (HO)
))
\c@section@level=\count330
)
(/nix/store/07r08wijx7cs33ip6jla2rmmnpbmxjpy-texlive-2025-env-texmfdist/tex/gen
eric/stringenc/stringenc.sty
Package: stringenc 2019/11/29 v1.12 Convert strings between diff. encodings (HO
)
)
\@linkdim=\dimen193
\Hy@linkcounter=\count331
\Hy@pagecounter=\count332

(/nix/store/07r08wijx7cs33ip6jla2rmmnpbmxjpy-texlive-2025-env-texmfdist/tex/lat
ex/hyperref/pd1enc.def
File: pd1enc.def 2025-06-21 v7.01n Hyperref: PDFDocEncoding definition (HO)
)
(/nix/store/07r08wijx7cs33ip6jla2rmmnpbmxjpy-texlive-2025-env-texmfdist/tex/gen
eric/intcalc/intcalc.sty
Package: intcalc 2019/12/15 v1.3 Expandable calculations with integers (HO)
)
\Hy@SavedSpaceFactor=\count333

(/nix/store/07r08wijx7cs33ip6jla2rmmnpbmxjpy-texlive-2025-env-texmfdist/tex/lat
ex/hyperref/puenc.def
File: puenc.def 2025-06-21 v7.01n Hyperref: PDF Unicode definition (HO)
)
Package hyperref Info: Option `unicode' set `true' on input line 4052.
Package hyperref Info: Hyper figures OFF on input line 4181.
Package hyperref Info: Link nesting OFF on input line 4186.
Package hyperref Info: Hyper index ON on input line 4189.
Package hyperref Info: Plain pages OFF on input line 4196.
Package hyperref Info: Backreferencing OFF on input line 4201.
Package hyperref Info: Implicit mode ON; LaTeX internals redefined.
Package hyperref Info: Bookmarks ON on input line 4448.
\c@Hy@tempcnt=\count334

(/nix/store/07r08wijx7cs33ip6jla2rmmnpbmxjpy-texlive-2025-env-texmfdist/tex/lat
ex/url/url.sty
\Urlmuskip=\muskip19
Package: url 2013/09/16  ver 3.4  Verb mode for urls, etc.
)
LaTeX Info: Redefining \url on input line 4787.
\XeTeXLinkMargin=\dimen194

(/nix/store/07r08wijx7cs33ip6jla2rmmnpbmxjpy-texlive-2025-env-texmfdist/tex/gen
eric/bitset/bitset.sty
Package: bitset 2019/12/09 v1.3 Handle bit-vector datatype (HO)

(/nix/store/07r08wijx7cs33ip6jla2rmmnpbmxjpy-texlive-2025-env-texmfdist/tex/gen
eric/bigintcalc/bigintcalc.sty
Package: bigintcalc 2019/12/15 v1.5 Expandable calculations on big integers (HO
)
))
\Fld@menulength=\count335
\Field@Width=\dimen195
\Fld@charsize=\dimen196
Package hyperref Info: Hyper figures OFF on input line 6066.
Package hyperref Info: Link nesting OFF on input line 6071.
Package hyperref Info: Hyper index ON on input line 6074.
Package hyperref Info: backreferencing OFF on input line 6081.
Package hyperref Info: Link coloring OFF on input line 6086.
Package hyperref Info: Link coloring with OCG OFF on input line 6091.
Package hyperref Info: PDF/A mode OFF on input line 6096.
\Hy@abspage=\count336
\c@Item=\count337
\c@Hfootnote=\count338
)
Package hyperref Info: Driver (autodetected): hxetex.

(/nix/store/07r08wijx7cs33ip6jla2rmmnpbmxjpy-texlive-2025-env-texmfdist/tex/lat
ex/hyperref/hxetex.def
File: hxetex.def 2025-06-21 v7.01n Hyperref driver for XeTeX
\pdfm@box=\box69
\c@Hy@AnnotLevel=\count339
\HyField@AnnotCount=\count340
\Fld@listcount=\count341
\c@bookmark@seq@number=\count342

(/nix/store/07r08wijx7cs33ip6jla2rmmnpbmxjpy-texlive-2025-env-texmfdist/tex/lat
ex/rerunfilecheck/rerunfilecheck.sty
Package: rerunfilecheck 2025-06-21 v1.11 Rerun checks for auxiliary files (HO)

(/nix/store/07r08wijx7cs33ip6jla2rmmnpbmxjpy-texlive-2025-env-texmfdist/tex/gen
eric/uniquecounter/uniquecounter.sty
Package: uniquecounter 2019/12/15 v1.4 Provide unlimited unique counter (HO)
)
Package uniquecounter Info: New unique counter `rerunfilecheck' on input line 2
84.
)
\Hy@SectionHShift=\skip78
)
(/nix/store/07r08wijx7cs33ip6jla2rmmnpbmxjpy-texlive-2025-env-texmfdist/tex/lat
ex/bookmark/bkm-dvipdfm.def
File: bkm-dvipdfm.def 2023-12-10 v1.31 bookmark driver for dvipdfm (HO)
\BKM@id=\count343
))
(/nix/store/07r08wijx7cs33ip6jla2rmmnpbmxjpy-texlive-2025-env-texmfdist/tex/lat
ex/xurl/xurl.sty
Package: xurl 2022/01/09 v 0.10 modify URL breaks
)
Package hyperref Info: Option `colorlinks' set `true' on input line 160.
No file u2-applications-of-the-indefinite-integrals.aux.
\openout1 = `u2-applications-of-the-indefinite-integrals.aux'.

LaTeX Font Info:    Checking defaults for OML/cmm/m/it on input line 165.
LaTeX Font Info:    ... okay on input line 165.
LaTeX Font Info:    Checking defaults for OMS/cmsy/m/n on input line 165.
LaTeX Font Info:    ... okay on input line 165.
LaTeX Font Info:    Checking defaults for OT1/cmr/m/n on input line 165.
LaTeX Font Info:    ... okay on input line 165.
LaTeX Font Info:    Checking defaults for T1/cmr/m/n on input line 165.
LaTeX Font Info:    ... okay on input line 165.
LaTeX Font Info:    Checking defaults for TS1/cmr/m/n on input line 165.
LaTeX Font Info:    ... okay on input line 165.
LaTeX Font Info:    Checking defaults for TU/lmr/m/n on input line 165.
LaTeX Font Info:    ... okay on input line 165.
LaTeX Font Info:    Checking defaults for OMX/cmex/m/n on input line 165.
LaTeX Font Info:    ... okay on input line 165.
LaTeX Font Info:    Checking defaults for U/cmr/m/n on input line 165.
LaTeX Font Info:    ... okay on input line 165.
LaTeX Font Info:    Checking defaults for PD1/pdf/m/n on input line 165.
LaTeX Font Info:    ... okay on input line 165.
LaTeX Font Info:    Checking defaults for PU/pdf/m/n on input line 165.
LaTeX Font Info:    ... okay on input line 165.
Package scrbase Info: activating english \abstractname on input line 165.
Package scrbase Info: activating english \partname on input line 165.
Package scrbase Info: activating english \figurename on input line 165.
Package scrbase Info: activating english \tablename on input line 165.
Package scrbase Info: activating english \contentsname on input line 165.
Package scrbase Info: activating english \listfigurename on input line 165.
Package scrbase Info: activating english \listtablename on input line 165.
Package scrbase Info: activating english \refname on input line 165.
Package scrbase Info: activating english \indexname on input line 165.
LaTeX Font Info:    Overwriting math alphabet `\mathrm' in version `normal'
(Font)                  OT1/lmr/m/n --> TU/lmr/m/n on input line 165.
LaTeX Font Info:    Overwriting math alphabet `\mathit' in version `normal'
(Font)                  OT1/lmr/m/it --> TU/lmr/m/it on input line 165.
LaTeX Font Info:    Overwriting math alphabet `\mathbf' in version `normal'
(Font)                  OT1/lmr/bx/n --> TU/lmr/bx/n on input line 165.
LaTeX Font Info:    Overwriting math alphabet `\mathsf' in version `normal'
(Font)                  OT1/lmss/m/n --> TU/lmss/m/n on input line 165.
LaTeX Font Info:    Overwriting math alphabet `\mathsf' in version `bold'
(Font)                  OT1/lmss/bx/n --> TU/lmss/bx/n on input line 165.
LaTeX Font Info:    Overwriting math alphabet `\mathtt' in version `normal'
(Font)                  OT1/lmtt/m/n --> TU/lmtt/m/n on input line 165.
LaTeX Font Info:    Overwriting math alphabet `\mathtt' in version `bold'
(Font)                  OT1/lmtt/m/n --> TU/lmtt/bx/n on input line 165.

Package fontspec Info: 
(fontspec)             latinmodern-math scale = 0.9999967668407183.


Package fontspec Info: 
(fontspec)             latinmodern-math scale = 0.9999967668407183.


Package fontspec Info: 
(fontspec)             latinmodern-math scale = 0.9999967668407183.


Package fontspec Info: 
(fontspec)             Font family 'latinmodern-math.otf(0)' created for font
(fontspec)             'latinmodern-math.otf' with options
(fontspec)             [Scale=MatchLowercase,BoldItalicFont={},ItalicFont={},Sm
allCapsFont={},Script=Math,BoldFont={latinmodern-math.otf}].
(fontspec)              
(fontspec)              This font family consists of the following NFSS
(fontspec)             series/shapes:
(fontspec)              
(fontspec)             - 'normal' (m/n) with NFSS spec.:
(fontspec)             <->s*[0.9999967668407183]"[latinmodern-math.otf]/OT:scri
pt=math;language=dflt;"
(fontspec)             - 'bold' (b/n) with NFSS spec.:
(fontspec)             <->s*[0.9999967668407183]"[latinmodern-math.otf]/OT:scri
pt=math;language=dflt;"

LaTeX Font Info:    Font shape `TU/latinmodern-math.otf(0)/m/n' will be
(Font)              scaled to size 10.95pt on input line 165.

Package fontspec Info: 
(fontspec)             latinmodern-math scale = 0.9999967668407183.


Package fontspec Info: 
(fontspec)             latinmodern-math scale = 0.9999967668407183.


Package fontspec Info: 
(fontspec)             latinmodern-math scale = 0.9999967668407183.


Package fontspec Info: 
(fontspec)             latinmodern-math scale = 0.9999967668407183.


Package fontspec Info: 
(fontspec)             latinmodern-math scale = 0.9999967668407183.


Package fontspec Info: 
(fontspec)             Font family 'latinmodern-math.otf(1)' created for font
(fontspec)             'latinmodern-math.otf' with options
(fontspec)             [Scale=MatchLowercase,BoldItalicFont={},ItalicFont={},Sm
allCapsFont={},Script=Math,SizeFeatures={{Size=9.3075-},{Size=6.57-9.3075,Font=
latinmodern-math.otf,Style=MathScript},{Size=-6.57,Font=latinmodern-math.otf,St
yle=MathScriptScript}},BoldFont={latinmodern-math.otf}].
(fontspec)              
(fontspec)              This font family consists of the following NFSS
(fontspec)             series/shapes:
(fontspec)              
(fontspec)             - 'normal' (m/n) with NFSS spec.:
(fontspec)             <9.3075->s*[0.9999967668407183]"[latinmodern-math.otf]/O
T:script=math;language=dflt;"<6.57-9.3075>s*[0.9999967668407183]"[latinmodern-m
ath.otf]/OT:script=math;language=dflt;+ssty=0;"<-6.57>s*[0.9999967668407183]"[l
atinmodern-math.otf]/OT:script=math;language=dflt;+ssty=1;"
(fontspec)             - 'bold' (b/n) with NFSS spec.:
(fontspec)             <->s*[0.9999967668407183]"[latinmodern-math.otf]/OT:scri
pt=math;language=dflt;"

LaTeX Font Info:    Font shape `TU/latinmodern-math.otf(1)/m/n' will be
(Font)              scaled to size 10.95pt on input line 165.
LaTeX Font Info:    Encoding `OT1' has changed to `TU' for symbol font
(Font)              `operators' in the math version `normal' on input line 165.

LaTeX Font Info:    Overwriting symbol font `operators' in version `normal'
(Font)                  OT1/lmr/m/n --> TU/latinmodern-math.otf(1)/m/n on input
 line 165.
LaTeX Font Info:    Encoding `OT1' has changed to `TU' for symbol font
(Font)              `operators' in the math version `bold' on input line 165.
LaTeX Font Info:    Overwriting symbol font `operators' in version `bold'
(Font)                  OT1/lmr/bx/n --> TU/latinmodern-math.otf(1)/b/n on inpu
t line 165.

Package fontspec Info: 
(fontspec)             latinmodern-math scale = 0.9999967668407183.


Package fontspec Info: 
(fontspec)             latinmodern-math scale = 1.000096766517402.


Package fontspec Info: 
(fontspec)             latinmodern-math scale = 0.9999967668407183.


Package fontspec Info: 
(fontspec)             latinmodern-math scale = 1.000096766517402.


Package fontspec Info: 
(fontspec)             latinmodern-math scale = 0.9999967668407183.


Package fontspec Info: 
(fontspec)             latinmodern-math scale = 1.000096766517402.


Package fontspec Info: 
(fontspec)             latinmodern-math scale = 0.9999967668407183.


Package fontspec Info: 
(fontspec)             latinmodern-math scale = 1.000096766517402.


Package fontspec Info: 
(fontspec)             latinmodern-math scale = 0.9999967668407183.


Package fontspec Info: 
(fontspec)             latinmodern-math scale = 1.000096766517402.


Package fontspec Info: 
(fontspec)             Font family 'latinmodern-math.otf(2)' created for font
(fontspec)             'latinmodern-math.otf' with options
(fontspec)             [Scale=MatchLowercase,BoldItalicFont={},ItalicFont={},Sm
allCapsFont={},Script=Math,SizeFeatures={{Size=9.3075-},{Size=6.57-9.3075,Font=
latinmodern-math.otf,Style=MathScript},{Size=-6.57,Font=latinmodern-math.otf,St
yle=MathScriptScript}},BoldFont={latinmodern-math.otf},ScaleAgain=1.0001,FontAd
justment={\fontdimen
(fontspec)             8\font =7.41315pt\relax \fontdimen 9\font
(fontspec)             =4.3143pt\relax \fontdimen 10\font =4.8618pt\relax
(fontspec)             \fontdimen 11\font =7.5117pt\relax \fontdimen 12\font
(fontspec)             =3.77776pt\relax \fontdimen 13\font =3.97485pt\relax
(fontspec)             \fontdimen 14\font =3.97485pt\relax \fontdimen 15\font
(fontspec)             =3.16455pt\relax \fontdimen 16\font =2.70465pt\relax
(fontspec)             \fontdimen 17\font =2.70465pt\relax \fontdimen 18\font
(fontspec)             =2.7375pt\relax \fontdimen 19\font =2.19pt\relax
(fontspec)             \fontdimen 22\font =2.7375pt\relax \fontdimen 20\font
(fontspec)             =0pt\relax \fontdimen 21\font =0pt\relax }].
(fontspec)              
(fontspec)              This font family consists of the following NFSS
(fontspec)             series/shapes:
(fontspec)              
(fontspec)             - 'normal' (m/n) with NFSS spec.:
(fontspec)             <9.3075->s*[1.000096766517402]"[latinmodern-math.otf]/OT
:script=math;language=dflt;"<6.57-9.3075>s*[1.000096766517402]"[latinmodern-mat
h.otf]/OT:script=math;language=dflt;+ssty=0;"<-6.57>s*[1.000096766517402]"[lati
nmodern-math.otf]/OT:script=math;language=dflt;+ssty=1;"
(fontspec)             - 'bold' (b/n) with NFSS spec.:
(fontspec)             <->s*[1.000096766517402]"[latinmodern-math.otf]/OT:scrip
t=math;language=dflt;"

LaTeX Font Info:    Encoding `OMS' has changed to `TU' for symbol font
(Font)              `symbols' in the math version `normal' on input line 165.
LaTeX Font Info:    Overwriting symbol font `symbols' in version `normal'
(Font)                  OMS/lmsy/m/n --> TU/latinmodern-math.otf(2)/m/n on inpu
t line 165.
LaTeX Font Info:    Encoding `OMS' has changed to `TU' for symbol font
(Font)              `symbols' in the math version `bold' on input line 165.
LaTeX Font Info:    Overwriting symbol font `symbols' in version `bold'
(Font)                  OMS/lmsy/b/n --> TU/latinmodern-math.otf(2)/b/n on inpu
t line 165.

Package fontspec Info: 
(fontspec)             latinmodern-math scale = 0.9999967668407183.


Package fontspec Info: 
(fontspec)             latinmodern-math scale = 0.9998967671640342.


Package fontspec Info: 
(fontspec)             latinmodern-math scale = 0.9999967668407183.


Package fontspec Info: 
(fontspec)             latinmodern-math scale = 0.9998967671640342.


Package fontspec Info: 
(fontspec)             latinmodern-math scale = 0.9999967668407183.


Package fontspec Info: 
(fontspec)             latinmodern-math scale = 0.9998967671640342.


Package fontspec Info: 
(fontspec)             latinmodern-math scale = 0.9999967668407183.


Package fontspec Info: 
(fontspec)             latinmodern-math scale = 0.9998967671640342.


Package fontspec Info: 
(fontspec)             latinmodern-math scale = 0.9999967668407183.


Package fontspec Info: 
(fontspec)             latinmodern-math scale = 0.9998967671640342.


Package fontspec Info: 
(fontspec)             Font family 'latinmodern-math.otf(3)' created for font
(fontspec)             'latinmodern-math.otf' with options
(fontspec)             [Scale=MatchLowercase,BoldItalicFont={},ItalicFont={},Sm
allCapsFont={},Script=Math,SizeFeatures={{Size=9.3075-},{Size=6.57-9.3075,Font=
latinmodern-math.otf,Style=MathScript},{Size=-6.57,Font=latinmodern-math.otf,St
yle=MathScriptScript}},BoldFont={latinmodern-math.otf},ScaleAgain=0.9999,FontAd
justment={\fontdimen
(fontspec)             8\font =0.438pt\relax \fontdimen 9\font =2.19pt\relax
(fontspec)             \fontdimen 10\font =1.82864pt\relax \fontdimen 11\font
(fontspec)             =1.21545pt\relax \fontdimen 12\font =6.56999pt\relax
(fontspec)             \fontdimen 13\font =0pt\relax }].
(fontspec)              
(fontspec)              This font family consists of the following NFSS
(fontspec)             series/shapes:
(fontspec)              
(fontspec)             - 'normal' (m/n) with NFSS spec.:
(fontspec)             <9.3075->s*[0.9998967671640342]"[latinmodern-math.otf]/O
T:script=math;language=dflt;"<6.57-9.3075>s*[0.9998967671640342]"[latinmodern-m
ath.otf]/OT:script=math;language=dflt;+ssty=0;"<-6.57>s*[0.9998967671640342]"[l
atinmodern-math.otf]/OT:script=math;language=dflt;+ssty=1;"
(fontspec)             - 'bold' (b/n) with NFSS spec.:
(fontspec)             <->s*[0.9998967671640342]"[latinmodern-math.otf]/OT:scri
pt=math;language=dflt;"

LaTeX Font Info:    Encoding `OMX' has changed to `TU' for symbol font
(Font)              `largesymbols' in the math version `normal' on input line 1
65.
LaTeX Font Info:    Overwriting symbol font `largesymbols' in version `normal'
(Font)                  OMX/lmex/m/n --> TU/latinmodern-math.otf(3)/m/n on inpu
t line 165.
LaTeX Font Info:    Encoding `OMX' has changed to `TU' for symbol font
(Font)              `largesymbols' in the math version `bold' on input line 165
.
LaTeX Font Info:    Overwriting symbol font `largesymbols' in version `bold'
(Font)                  OMX/lmex/m/n --> TU/latinmodern-math.otf(3)/b/n on inpu
t line 165.
LaTeX Info: Redefining \microtypecontext on input line 165.
Package microtype Info: Applying patch `item' on input line 165.
Package microtype Info: Applying patch `toc' on input line 165.
Package microtype Info: Applying patch `eqnum' on input line 165.
Package microtype Info: Applying patch `footnote' on input line 165.
Package microtype Info: Applying patch `verbatim' on input line 165.
LaTeX Info: Redefining \microtypesetup on input line 165.
Package microtype Info: Character protrusion enabled (level 2).
Package microtype Info: Using protrusion set `basicmath'.
Package microtype Info: No adjustment of tracking.
Package microtype Info: No adjustment of spacing.
Package microtype Info: No adjustment of kerning.

(/nix/store/07r08wijx7cs33ip6jla2rmmnpbmxjpy-texlive-2025-env-texmfdist/tex/lat
ex/microtype/mt-LatinModernRoman.cfg
File: mt-LatinModernRoman.cfg 2021/02/21 v1.1 microtype config. file: Latin Mod
ern Roman (RS)
)
Package caption Info: Begin \AtBeginDocument code.
Package caption Info: float package is loaded.
Package caption Info: hyperref package is loaded.
Package caption Info: End \AtBeginDocument code.
Package hyperref Info: Link coloring ON on input line 165.

Package hyperref Warning: Rerun to get /PageLabels entry.

Package microtype Info: Loading generic protrusion settings for font family
(microtype)             `lmss' (encoding: TU).
(microtype)             For optimal results, create family-specific settings.
(microtype)             See the microtype manual for details.
LaTeX Font Info:    Font shape `TU/latinmodern-math.otf(1)/m/n' will be
(Font)              scaled to size 7.665pt on input line 196.
LaTeX Font Info:    Font shape `TU/latinmodern-math.otf(1)/m/n' will be
(Font)              scaled to size 5.475pt on input line 196.
LaTeX Font Info:    Trying to load font information for OML+lmm on input line 1
96.

(/nix/store/07r08wijx7cs33ip6jla2rmmnpbmxjpy-texlive-2025-env-texmfdist/tex/lat
ex/lm/omllmm.fd
File: omllmm.fd 2015/05/01 v1.6.1 Font defs for Latin Modern
)
LaTeX Font Info:    Font shape `TU/latinmodern-math.otf(2)/m/n' will be
(Font)              scaled to size 10.95099pt on input line 196.
LaTeX Font Info:    Font shape `TU/latinmodern-math.otf(2)/m/n' will be
(Font)              scaled to size 7.66568pt on input line 196.
LaTeX Font Info:    Font shape `TU/latinmodern-math.otf(2)/m/n' will be
(Font)              scaled to size 5.4755pt on input line 196.
LaTeX Font Info:    Font shape `TU/latinmodern-math.otf(3)/m/n' will be
(Font)              scaled to size 10.94882pt on input line 196.
LaTeX Font Info:    Font shape `TU/latinmodern-math.otf(3)/m/n' will be
(Font)              scaled to size 7.66417pt on input line 196.
LaTeX Font Info:    Font shape `TU/latinmodern-math.otf(3)/m/n' will be
(Font)              scaled to size 5.47441pt on input line 196.
LaTeX Font Info:    Trying to load font information for U+msa on input line 196
.

(/nix/store/07r08wijx7cs33ip6jla2rmmnpbmxjpy-texlive-2025-env-texmfdist/tex/lat
ex/amsfonts/umsa.fd
File: umsa.fd 2013/01/14 v3.01 AMS symbols A
)
(/nix/store/07r08wijx7cs33ip6jla2rmmnpbmxjpy-texlive-2025-env-texmfdist/tex/lat
ex/microtype/mt-msa.cfg
File: mt-msa.cfg 2006/02/04 v1.1 microtype config. file: AMS symbols (a) (RS)
)
LaTeX Font Info:    Trying to load font information for U+msb on input line 196
.

(/nix/store/07r08wijx7cs33ip6jla2rmmnpbmxjpy-texlive-2025-env-texmfdist/tex/lat
ex/amsfonts/umsb.fd
File: umsb.fd 2013/01/14 v3.01 AMS symbols B
)
(/nix/store/07r08wijx7cs33ip6jla2rmmnpbmxjpy-texlive-2025-env-texmfdist/tex/lat
ex/microtype/mt-msb.cfg
File: mt-msb.cfg 2005/06/01 v1.0 microtype config. file: AMS symbols (b) (RS)
)
File: ./images/fG6uNDbe7znFQ3pgX73HyWQSqpAt42A9k.png Graphic file (type bmp)
<./images/fG6uNDbe7znFQ3pgX73HyWQSqpAt42A9k.png>


[1

]
File: ./images/f88Fii3mIrHRvgPN7Gk76sWaxa5GvDt03.png Graphic file (type bmp)
<./images/f88Fii3mIrHRvgPN7Gk76sWaxa5GvDt03.png>


[2]
File: ./images/fgz5SqwXK7gh6GUAr7o4wG2YWPzhiKRgN.png Graphic file (type bmp)
<./images/fgz5SqwXK7gh6GUAr7o4wG2YWPzhiKRgN.png>
File: ./images/fUTSeeeiQ6Ax2hLdznfuLkmwmNdAxvQrG.png Graphic file (type bmp)
<./images/fUTSeeeiQ6Ax2hLdznfuLkmwmNdAxvQrG.png>


[3]
File: ./images/fGB1yOyWonduMprcvdS8ZWtaSYaV2x3Rc.png Graphic file (type bmp)
<./images/fGB1yOyWonduMprcvdS8ZWtaSYaV2x3Rc.png>


[4]
File: ./images/fb3gs6SGpXGP46s3Bpyl9h62r27lhIVkn.png Graphic file (type bmp)
<./images/fb3gs6SGpXGP46s3Bpyl9h62r27lhIVkn.png>
Missing character: There is no  (U+FF09) in font [lmroman10-regular]:mapping=t
ex-text;!
File: ./images/f9vx4bnEhiDTFPqGX4us9ne1MhQhu6ddX.png Graphic file (type bmp)
<./images/f9vx4bnEhiDTFPqGX4us9ne1MhQhu6ddX.png>


[5]
Missing character: There is no  (U+21D2) in font [lmroman10-regular]:mapping=t
ex-text;!
File: ./images/fo9uCZBfor8yedDlwR8kDzp2gUOsLVkxH.png Graphic file (type bmp)
<./images/fo9uCZBfor8yedDlwR8kDzp2gUOsLVkxH.png>


[6]
File: ./images/fLagNNmcpMQyFEKYhqfRZXV4Dz3sXG4sy.png Graphic file (type bmp)
<./images/fLagNNmcpMQyFEKYhqfRZXV4Dz3sXG4sy.png>


[7]
File: ./images/fP26pDxOanVGykePvKLnBhkX4PgdfoMrP.png Graphic file (type bmp)
<./images/fP26pDxOanVGykePvKLnBhkX4PgdfoMrP.png>
File: ./images/fI9GatxUSN3a0crHrQUvwgQfUO555YaxX.png Graphic file (type bmp)
<./images/fI9GatxUSN3a0crHrQUvwgQfUO555YaxX.png>
File: ./images/fnB3zSGzl3gMaXd5Xx9sLiYt8y0OvguP9.png Graphic file (type bmp)
<./images/fnB3zSGzl3gMaXd5Xx9sLiYt8y0OvguP9.png>


[8]
File: ./images/fCC7P1o5AObC6tLLfOSa09m4Uk1VgUf8c.png Graphic file (type bmp)
<./images/fCC7P1o5AObC6tLLfOSa09m4Uk1VgUf8c.png>

Overfull \hbox (10.96873pt too wide) in paragraph at lines 327--328
[][] 
 []



[9]
File: ./images/ffcsiK74thxYS0qRI3YWokWEkWfKazhUq.png Graphic file (type bmp)
<./images/ffcsiK74thxYS0qRI3YWokWEkWfKazhUq.png>


[10]
File: ./images/fgqocirPmRSHpgYZvxZ4fShrrmpKYxi99.png Graphic file (type bmp)
<./images/fgqocirPmRSHpgYZvxZ4fShrrmpKYxi99.png>
File: ./images/flF13zu5pSHXuU17GyqGWcBdHAtIY63oz.png Graphic file (type bmp)
<./images/flF13zu5pSHXuU17GyqGWcBdHAtIY63oz.png>


[11]
Missing character: There is no  (U+FF1A) in font [lmroman10-regular]:mapping=t
ex-text;!
File: ./images/fsG2nSc6GFR8GMi6n0UpB6d9gyYGEzxp3.png Graphic file (type bmp)
<./images/fsG2nSc6GFR8GMi6n0UpB6d9gyYGEzxp3.png>
File: ./images/fabW6Gu7sAiaqt8xtbkovIs5W4ZSLR4e8.png Graphic file (type bmp)
<./images/fabW6Gu7sAiaqt8xtbkovIs5W4ZSLR4e8.png>
File: ./images/fptbGXslxKg2DEqrxk7mzbkZKBpqqn7tY.png Graphic file (type bmp)
<./images/fptbGXslxKg2DEqrxk7mzbkZKBpqqn7tY.png>


[12]
File: ./images/fg9Bsk3giL3afHGnaioAVc0wgbq2BS4Sl.png Graphic file (type bmp)
<./images/fg9Bsk3giL3afHGnaioAVc0wgbq2BS4Sl.png>


[13]

[14]
File: ./images/fYkIcOyizdL9Vlktr1hRgeAGbB6wQ1ZgR.png Graphic file (type bmp)
<./images/fYkIcOyizdL9Vlktr1hRgeAGbB6wQ1ZgR.png>


[15]
File: ./images/ftZg2lKD31Gl9uINiTQSAotdoBwZfLZYB.png Graphic file (type bmp)
<./images/ftZg2lKD31Gl9uINiTQSAotdoBwZfLZYB.png>

Overfull \hbox (10.94775pt too wide) in paragraph at lines 413--414
[][] 
 []



[16]
File: ./images/f0VrFgvuXRbxLFkxDUCBmRUIxaGlCB1Oc.png Graphic file (type bmp)
<./images/f0VrFgvuXRbxLFkxDUCBmRUIxaGlCB1Oc.png>
File: ./images/fHgQnIODsl86dEbZKzQIhfuoi1zuadEVB.png Graphic file (type bmp)
<./images/fHgQnIODsl86dEbZKzQIhfuoi1zuadEVB.png>


[17]
File: ./images/ficiQ5xpVrTWpMIVERGpcILhZA4gGNwqb.png Graphic file (type bmp)
<./images/ficiQ5xpVrTWpMIVERGpcILhZA4gGNwqb.png>
File: ./images/feyN7LBnPXG8KZ4zXuUwR3NHO6FNvpm6m.png Graphic file (type bmp)
<./images/feyN7LBnPXG8KZ4zXuUwR3NHO6FNvpm6m.png>


[18]
File: ./images/fmIqims8rq7CZDXyOdX4va6LzZi2SgEub.png Graphic file (type bmp)
<./images/fmIqims8rq7CZDXyOdX4va6LzZi2SgEub.png>
Missing character: There is no  (U+FF0C) in font [lmroman10-regular]:mapping=t
ex-text;!
File: ./images/fpqH2unISZTKBooWrtrGNFHyzezVGLlZc.png Graphic file (type bmp)
<./images/fpqH2unISZTKBooWrtrGNFHyzezVGLlZc.png>


[19]
File: ./images/fsEzc6gqgD03sk15Dq3G7fLdwgKEFKE9m.png Graphic file (type bmp)
<./images/fsEzc6gqgD03sk15Dq3G7fLdwgKEFKE9m.png>


[20]
File: ./images/fIxfgcW2BANAifiLipw976QvScX7BNTDL.png Graphic file (type bmp)
<./images/fIxfgcW2BANAifiLipw976QvScX7BNTDL.png>


[21]
File: ./images/fBMQVq8eipZRyEeWMSTK3CEcpVb2Bi4gk.png Graphic file (type bmp)
<./images/fBMQVq8eipZRyEeWMSTK3CEcpVb2Bi4gk.png>
File: ./images/ffVDt4GuUl3RXvyUxBK5MtiOFqSTn0UGv.png Graphic file (type bmp)
<./images/ffVDt4GuUl3RXvyUxBK5MtiOFqSTn0UGv.png>
File: ./images/f9nuNYhQgMTUYguNesnT6iZglpwBSDSfs.png Graphic file (type bmp)
<./images/f9nuNYhQgMTUYguNesnT6iZglpwBSDSfs.png>
File: ./images/f7CC8F4km072lWyoUMZVywwUo80oaT65B.png Graphic file (type bmp)
<./images/f7CC8F4km072lWyoUMZVywwUo80oaT65B.png>


[22]
File: ./images/fp382TriWB1qdigGdkcWQw2Q0XqK1oUxN.png Graphic file (type bmp)
<./images/fp382TriWB1qdigGdkcWQw2Q0XqK1oUxN.png>
File: ./images/fifAgrcFg3VSauFuC83u2svrK7prpylff.png Graphic file (type bmp)
<./images/fifAgrcFg3VSauFuC83u2svrK7prpylff.png>


[23]
File: ./images/fiP0bggQ9r8ygtI4nSZ9GkN6xLY5E4Fg0.png Graphic file (type bmp)
<./images/fiP0bggQ9r8ygtI4nSZ9GkN6xLY5E4Fg0.png>


[24]

[25]
File: ./images/f8iTA5l4VVF927BQZdmfKxRpybYvuy1YL.png Graphic file (type bmp)
<./images/f8iTA5l4VVF927BQZdmfKxRpybYvuy1YL.png>

Overfull \hbox (10.95956pt too wide) in paragraph at lines 558--559
[][] 
 []

File: ./images/fbX9plOTGfi0IefBQxpxgFpRYMaEcIkhm.png Graphic file (type bmp)
<./images/fbX9plOTGfi0IefBQxpxgFpRYMaEcIkhm.png>
File: ./images/fdw6m8UaZF8KBeN0N56euUYmBgpdc7vKk.png Graphic file (type bmp)
<./images/fdw6m8UaZF8KBeN0N56euUYmBgpdc7vKk.png>

Overfull \hbox (9.85388pt too wide) in paragraph at lines 568--569
[][] 
 []



[26]
File: ./images/fKNVmsmVwdhR5HGzCf5QrwOF63sEYZlcZ.png Graphic file (type bmp)
<./images/fKNVmsmVwdhR5HGzCf5QrwOF63sEYZlcZ.png>
File: ./images/ftUl7k5ONcZEmkEtWD717N4y1zX74fII9.png Graphic file (type bmp)
<./images/ftUl7k5ONcZEmkEtWD717N4y1zX74fII9.png>


[27]
File: ./images/fAbgXTh7gCt6BtURg5aGviHMNRaVC2qcG.png Graphic file (type bmp)
<./images/fAbgXTh7gCt6BtURg5aGviHMNRaVC2qcG.png>
File: ./images/fL9DdhxUu8zcITx6HEmTtgUcDLgso2cW6.png Graphic file (type bmp)
<./images/fL9DdhxUu8zcITx6HEmTtgUcDLgso2cW6.png>


[28]
File: ./images/fSgk9ag2LubaQWy4BqCw5TntURsg92MT9.png Graphic file (type bmp)
<./images/fSgk9ag2LubaQWy4BqCw5TntURsg92MT9.png>
File: ./images/fe3LXL1IgnGcDZ9y8Xputya4fGFHReBTy.png Graphic file (type bmp)
<./images/fe3LXL1IgnGcDZ9y8Xputya4fGFHReBTy.png>
File: ./images/fTWB2Ce94c9gNuvYrtGCGUzsXDgbsRNKo.png Graphic file (type bmp)
<./images/fTWB2Ce94c9gNuvYrtGCGUzsXDgbsRNKo.png>
File: ./images/fN0bPckaz3x7crpOOUmabA9ns6pY0Vf61.png Graphic file (type bmp)
<./images/fN0bPckaz3x7crpOOUmabA9ns6pY0Vf61.png>


[29]
File: ./images/frdCldCwgKHDqnk6t1y62FKZ7UvTEe4tr.png Graphic file (type bmp)
<./images/frdCldCwgKHDqnk6t1y62FKZ7UvTEe4tr.png>
File: ./images/flrn2RBkKUAQguYKGzfQgFGZqgu0ukstG.png Graphic file (type bmp)
<./images/flrn2RBkKUAQguYKGzfQgFGZqgu0ukstG.png>


[30]
File: ./images/fR03pGHz2FcbhbBQHAukqUlvFwIazTURg.png Graphic file (type bmp)
<./images/fR03pGHz2FcbhbBQHAukqUlvFwIazTURg.png>
File: ./images/fiphpvXitSmye1EFnALqGNVMkeeqbepMt.png Graphic file (type bmp)
<./images/fiphpvXitSmye1EFnALqGNVMkeeqbepMt.png>


[31]
File: ./images/fSOgeBZ7zR1VcgLOOqU9SOmfgGLZMrQ9O.png Graphic file (type bmp)
<./images/fSOgeBZ7zR1VcgLOOqU9SOmfgGLZMrQ9O.png>
File: ./images/fTNmbR0z6BvE6pmoYfqhp4B9A7on5FPpg.png Graphic file (type bmp)
<./images/fTNmbR0z6BvE6pmoYfqhp4B9A7on5FPpg.png>
File: ./images/f1VHdFfLD4k1Hnz1TlS8Enegur0GYBMCt.png Graphic file (type bmp)
<./images/f1VHdFfLD4k1Hnz1TlS8Enegur0GYBMCt.png>


[32]
File: ./images/fPWTRHFqNRy9vmFa5hDw7B3GwGzoe6VQU.png Graphic file (type bmp)
<./images/fPWTRHFqNRy9vmFa5hDw7B3GwGzoe6VQU.png>

Overfull \hbox (10.95717pt too wide) in paragraph at lines 639--640
[][] 
 []

File: ./images/fDITqpB7v1lwbinEdXE7puP8gEbXbDpct.png Graphic file (type bmp)
<./images/fDITqpB7v1lwbinEdXE7puP8gEbXbDpct.png>

Overfull \hbox (10.94844pt too wide) in paragraph at lines 647--648
[][] 
 []



[33]
File: ./images/fpDAHgKvv7lh1Xk72xNBIU3Sv9vpo9Bnp.png Graphic file (type bmp)
<./images/fpDAHgKvv7lh1Xk72xNBIU3Sv9vpo9Bnp.png>
File: ./images/fg7IFauY6ywgXs1v3dzCTknyhnG1CGFdH.png Graphic file (type bmp)
<./images/fg7IFauY6ywgXs1v3dzCTknyhnG1CGFdH.png>


[34]
Overfull \hbox (10.97598pt too wide) in paragraph at lines 669--670
[][] 
 []

File: ./images/fdhQ8s4Y0GzdcdDPlo5nMKArIek3fvu5o.png Graphic file (type bmp)
<./images/fdhQ8s4Y0GzdcdDPlo5nMKArIek3fvu5o.png>
File: ./images/fQiRdBPpsY7uCE3gacm0PviwaaGUqzzhL.png Graphic file (type bmp)
<./images/fQiRdBPpsY7uCE3gacm0PviwaaGUqzzhL.png>


[35]
Overfull \hbox (10.94566pt too wide) in paragraph at lines 676--677
[][] 
 []

File: ./images/fkL6QY0uZaP5FAdGRgHhQ5lDOhViDyF61.png Graphic file (type bmp)
<./images/fkL6QY0uZaP5FAdGRgHhQ5lDOhViDyF61.png>


[36]
Missing character: There is no  (U+FF0C) in font [lmroman10-regular]:mapping=t
ex-text;!
File: ./images/fOS70FLS2qcmLUQQ45RlUZerNLThygkof.png Graphic file (type bmp)
<./images/fOS70FLS2qcmLUQQ45RlUZerNLThygkof.png>
File: ./images/fr7B0veAR96wWfzrrghG3MFoBm39TA5GI.png Graphic file (type bmp)
<./images/fr7B0veAR96wWfzrrghG3MFoBm39TA5GI.png>


[37]
File: ./images/fBIRGbXaRS8gLx7SOY3RobF8At0zYQK5Z.png Graphic file (type bmp)
<./images/fBIRGbXaRS8gLx7SOY3RobF8At0zYQK5Z.png>
File: ./images/f0WGg7z461syUZtuxywsW9dsTDZIdTDWE.png Graphic file (type bmp)
<./images/f0WGg7z461syUZtuxywsW9dsTDZIdTDWE.png>


[38]
File: ./images/f5nUg9sg4KTzo5ppGHtxw4snHQg6bcGzN.png Graphic file (type bmp)
<./images/f5nUg9sg4KTzo5ppGHtxw4snHQg6bcGzN.png>


[39]

[40]
File: ./images/fdXdxaPvyXRpDHlDvgFlZGgR95A0UkzWZ.png Graphic file (type bmp)
<./images/fdXdxaPvyXRpDHlDvgFlZGgR95A0UkzWZ.png>
File: ./images/fvx51e11dSAWm2FEscFsslRkfDpghUD8m.png Graphic file (type bmp)
<./images/fvx51e11dSAWm2FEscFsslRkfDpghUD8m.png>


[41]

[42]
File: ./images/fsRIIQUfnLc4OuLGvhIhF0u4Kgs9g4iGB.png Graphic file (type bmp)
<./images/fsRIIQUfnLc4OuLGvhIhF0u4Kgs9g4iGB.png>

Overfull \hbox (10.9691pt too wide) in paragraph at lines 783--784
[][] 
 []

Missing character: There is no  (U+FF0C) in font [lmroman10-regular]:mapping=t
ex-text;!


[43]
File: ./images/fgblVeEpxMzo6r73eXrOllAV5Ade8m9my.png Graphic file (type bmp)
<./images/fgblVeEpxMzo6r73eXrOllAV5Ade8m9my.png>
File: ./images/f3WQDZPGhSbkyehd5dWYN6n1cHyiIb1fk.png Graphic file (type bmp)
<./images/f3WQDZPGhSbkyehd5dWYN6n1cHyiIb1fk.png>
File: ./images/fme8w868y4FAOpzqY8t5898dKAruWyh7f.png Graphic file (type bmp)
<./images/fme8w868y4FAOpzqY8t5898dKAruWyh7f.png>


[44]
File: ./images/fmFYYUxQH0vLkznniS43CXpToAdRWCbcR.png Graphic file (type bmp)
<./images/fmFYYUxQH0vLkznniS43CXpToAdRWCbcR.png>
File: ./images/f77s9G5iLtudl4Hh2GgfBuqGZCPeGYfc7.png Graphic file (type bmp)
<./images/f77s9G5iLtudl4Hh2GgfBuqGZCPeGYfc7.png>
File: ./images/fQFgzhsvl5bFDEwbOdBDtKC8KvTGML0EV.png Graphic file (type bmp)
<./images/fQFgzhsvl5bFDEwbOdBDtKC8KvTGML0EV.png>


[45]
File: ./images/fCS8pUEocFcTdpFM8Ga0Fcu8u1xFOPEuO.png Graphic file (type bmp)
<./images/fCS8pUEocFcTdpFM8Ga0Fcu8u1xFOPEuO.png>
File: ./images/fe3DyDH59nwpSLuS59CLlGzUThgfvAqCL.png Graphic file (type bmp)
<./images/fe3DyDH59nwpSLuS59CLlGzUThgfvAqCL.png>
File: ./images/fC8U1hhToNPX9hkaeEV5qdCQDsxpLzH2A.png Graphic file (type bmp)
<./images/fC8U1hhToNPX9hkaeEV5qdCQDsxpLzH2A.png>


[46]
File: ./images/fGDtUunBOshZc1x38HeA8R1UteQ267ggL.png Graphic file (type bmp)
<./images/fGDtUunBOshZc1x38HeA8R1UteQ267ggL.png>

Overfull \hbox (10.95364pt too wide) in paragraph at lines 850--851
[][] 
 []

File: ./images/fUY7G6ZkX4vE5mCvcizX5nof7lK5Cp1sb.png Graphic file (type bmp)
<./images/fUY7G6ZkX4vE5mCvcizX5nof7lK5Cp1sb.png>


[47]
Missing character: There is no  (U+FF0C) in font [lmroman10-regular]:mapping=t
ex-text;!
File: ./images/f09NQfsg20K4kBPtFkyunlxXlmWByFk34.png Graphic file (type bmp)
<./images/f09NQfsg20K4kBPtFkyunlxXlmWByFk34.png>


[48]
File: ./images/fPu9tQo4IShXvGWQdZCYgR8fshgM3FIm1.png Graphic file (type bmp)
<./images/fPu9tQo4IShXvGWQdZCYgR8fshgM3FIm1.png>
File: ./images/fgnXnfgbhmqpQ7mcWN7vg4wMQEY0sbmTW.png Graphic file (type bmp)
<./images/fgnXnfgbhmqpQ7mcWN7vg4wMQEY0sbmTW.png>
File: ./images/fh8TIOnbfMX1Rnm1ShYgkPP7gU28Bb4CA.png Graphic file (type bmp)
<./images/fh8TIOnbfMX1Rnm1ShYgkPP7gU28Bb4CA.png>


[49]
File: ./images/fiVsE44C49MLKgnY8uoG08wdIFhDBtuDO.png Graphic file (type bmp)
<./images/fiVsE44C49MLKgnY8uoG08wdIFhDBtuDO.png>
File: ./images/fbsPhgvuBudZKeRL41zs0RQuL0snnROtp.png Graphic file (type bmp)
<./images/fbsPhgvuBudZKeRL41zs0RQuL0snnROtp.png>
File: ./images/faHrwWlz3qXUGvP3MPRMQeGf9HlpdVNue.png Graphic file (type bmp)
<./images/faHrwWlz3qXUGvP3MPRMQeGf9HlpdVNue.png>


[50]
File: ./images/fLGZUZRG9vclabhtOLNQ9rnGo9lhpBm0I.png Graphic file (type bmp)
<./images/fLGZUZRG9vclabhtOLNQ9rnGo9lhpBm0I.png>


[51]
File: ./images/fUkD6LHiq5vaNCxqnXgQedRoDZ7VXhhyw.png Graphic file (type bmp)
<./images/fUkD6LHiq5vaNCxqnXgQedRoDZ7VXhhyw.png>


[52]
File: ./images/fG5w9ru96A98CUgGgmewDFYpG1xWHtlce.png Graphic file (type bmp)
<./images/fG5w9ru96A98CUgGgmewDFYpG1xWHtlce.png>
File: ./images/fX8L81oagQaQnLLEZHhO7MmVWeQYIeowN.png Graphic file (type bmp)
<./images/fX8L81oagQaQnLLEZHhO7MmVWeQYIeowN.png>

Overfull \hbox (10.95679pt too wide) in paragraph at lines 961--962
[][] 
 []



[53]
File: ./images/frqzDtbZulhUQKfekhOwMzTax6YPqUaIW.png Graphic file (type bmp)
<./images/frqzDtbZulhUQKfekhOwMzTax6YPqUaIW.png>


[54]
File: ./images/f1g8g1215UeGBfF2bnbwyeLY3AQVoqrU8.png Graphic file (type bmp)
<./images/f1g8g1215UeGBfF2bnbwyeLY3AQVoqrU8.png>

Overfull \hbox (10.97119pt too wide) in paragraph at lines 994--995
[][] 
 []



[55]
File: ./images/ffRZ4B82HQ75clxGQ18L81wZlx7emd5og.png Graphic file (type bmp)
<./images/ffRZ4B82HQ75clxGQ18L81wZlx7emd5og.png>


[56]
File: ./images/fgPT74W70yyugSDyn9Lo7wkQrdnCu0mLc.png Graphic file (type bmp)
<./images/fgPT74W70yyugSDyn9Lo7wkQrdnCu0mLc.png>


[57]

[58]
File: ./images/f22xtYsOh5q9wPLFEv2TZGFcNn9MOZnzx.png Graphic file (type bmp)
<./images/f22xtYsOh5q9wPLFEv2TZGFcNn9MOZnzx.png>


[59]

[60]
Missing character: There is no  (U+FF09) in font [lmroman10-regular]:mapping=t
ex-text;!
LaTeX Font Info:    Font shape `TU/latinmodern-math.otf(1)/b/n' will be
(Font)              scaled to size 10.95pt on input line 1113.
LaTeX Font Info:    Font shape `TU/latinmodern-math.otf(1)/b/n' will be
(Font)              scaled to size 7.665pt on input line 1113.
LaTeX Font Info:    Font shape `TU/latinmodern-math.otf(1)/b/n' will be
(Font)              scaled to size 5.475pt on input line 1113.
LaTeX Font Info:    Font shape `TU/latinmodern-math.otf(2)/b/n' will be
(Font)              scaled to size 10.95099pt on input line 1113.
LaTeX Font Info:    Font shape `TU/latinmodern-math.otf(2)/b/n' will be
(Font)              scaled to size 7.66568pt on input line 1113.
LaTeX Font Info:    Font shape `TU/latinmodern-math.otf(2)/b/n' will be
(Font)              scaled to size 5.4755pt on input line 1113.
LaTeX Font Info:    Font shape `TU/latinmodern-math.otf(3)/b/n' will be
(Font)              scaled to size 10.94882pt on input line 1113.
LaTeX Font Info:    Font shape `TU/latinmodern-math.otf(3)/b/n' will be
(Font)              scaled to size 7.66417pt on input line 1113.
LaTeX Font Info:    Font shape `TU/latinmodern-math.otf(3)/b/n' will be
(Font)              scaled to size 5.47441pt on input line 1113.
File: ./images/fBmlHhAGqkugfOkLPiEgcaUrNf511lWYi.png Graphic file (type bmp)
<./images/fBmlHhAGqkugfOkLPiEgcaUrNf511lWYi.png>


[61]
File: ./images/fckYKPWpG7ldN88mlrXGewxZ3iCW6QYd9.png Graphic file (type bmp)
<./images/fckYKPWpG7ldN88mlrXGewxZ3iCW6QYd9.png>


[62]
File: ./images/fvaZgGGcc7w8fYRUqXbEw29dsOzVC2BH1.png Graphic file (type bmp)
<./images/fvaZgGGcc7w8fYRUqXbEw29dsOzVC2BH1.png>
Missing character: There is no  (U+FF0C) in font [lmroman10-regular]:mapping=t
ex-text;!


[63]
Runaway argument?
&\text {Rex Poseremone the seen at the Poser thep of the palle coure \ETC.
! Paragraph ended before \align* was complete.
<to be read again> 
                   \par 
l.1191 
       
I suspect you've forgotten a `}', causing me to apply this
control sequence to too much text. How can we recover?
My plan is to forget the whole thing and hope for the best.

 
Here is how much of TeX's memory you used:
 24274 strings out of 468531
 503977 string characters out of 5428489
 1151691 words of memory out of 5000000
 52263 multiletter control sequences out of 15000+600000
 631813 words of font info for 81 fonts, out of 8000000 for 9000
 1348 hyphenation exceptions out of 8191
 108i,10n,114p,10957b,451s stack positions out of 10000i,1000n,20000p,200000b,200000s
Output written on u2-applications-of-the-indefinite-integrals.pdf (63 pages).
